android/app/build/intermediates/manifest_merge_blame_file/debug/manifest-merger-blame-debug-report.txt
1<?xml version="1.0" encoding="utf-8"?>
2<manifest xmlns:android="http://schemas.android.com/apk/res/android"
3    package="com.heimdall.device"
4    android:versionCode="1"
5    android:versionName="1.0.0" >
6
7    <uses-sdk
8        android:minSdkVersion="28"
9        android:targetSdkVersion="34" />
10
11    <uses-permission android:name="android.permission.INTERNET" />
11-->src/main/AndroidManifest.xml:5:5-67
11-->src/main/AndroidManifest.xml:5:22-64
12    <uses-permission android:name="android.permission.ACCESS_NETWORK_STATE" />
12-->src/main/AndroidManifest.xml:6:5-79
12-->src/main/AndroidManifest.xml:6:22-76
13    <uses-permission android:name="android.permission.WAKE_LOCK" />
13-->src/main/AndroidManifest.xml:7:5-68
13-->src/main/AndroidManifest.xml:7:22-65
14    <uses-permission android:name="android.permission.RECEIVE_BOOT_COMPLETED" />
14-->src/main/AndroidManifest.xml:8:5-81
14-->src/main/AndroidManifest.xml:8:22-78
15    <uses-permission android:name="android.permission.INSTALL_PACKAGES" />
15-->src/main/AndroidManifest.xml:9:5-75
15-->src/main/AndroidManifest.xml:9:22-72
16    <uses-permission android:name="android.permission.DELETE_PACKAGES" />
16-->src/main/AndroidManifest.xml:10:5-74
16-->src/main/AndroidManifest.xml:10:22-71
17    <uses-permission android:name="android.permission.QUERY_ALL_PACKAGES" />
17-->src/main/AndroidManifest.xml:11:5-77
17-->src/main/AndroidManifest.xml:11:22-74
18    <uses-permission android:name="android.permission.WRITE_EXTERNAL_STORAGE" />
18-->src/main/AndroidManifest.xml:12:5-81
18-->src/main/AndroidManifest.xml:12:22-78
19    <uses-permission android:name="android.permission.READ_EXTERNAL_STORAGE" />
19-->src/main/AndroidManifest.xml:13:5-80
19-->src/main/AndroidManifest.xml:13:22-77
20    <uses-permission android:name="android.permission.BIND_DEVICE_ADMIN" />
20-->src/main/AndroidManifest.xml:14:5-76
20-->src/main/AndroidManifest.xml:14:22-73
21
22    <!-- Permissão customizada para compartilhar dados com PanicButton -->
23    <permission
23-->src/main/AndroidManifest.xml:17:5-19:47
24        android:name="com.heimdall.device.READ_SHARED_DATA"
24-->src/main/AndroidManifest.xml:18:9-60
25        android:protectionLevel="signature" />
25-->src/main/AndroidManifest.xml:19:9-44
26
27    <!-- Visibilidade do PanicButton (Android 11+) -->
28    <queries>
28-->src/main/AndroidManifest.xml:22:5-39:15
29        <package android:name="com.uebrasil.panicbuttonapp" />
29-->src/main/AndroidManifest.xml:23:9-62
29-->src/main/AndroidManifest.xml:23:18-60
30
31        <intent>
31-->src/main/AndroidManifest.xml:24:9-26:18
32            <action android:name="com.uebrasil.panicbuttonapp.PANIC_TRIGGERED" />
32-->src/main/AndroidManifest.xml:25:13-81
32-->src/main/AndroidManifest.xml:25:21-79
33        </intent>
34        <intent>
34-->src/main/AndroidManifest.xml:27:9-29:18
35            <action android:name="com.uebrasil.panicbuttonapp.STATUS_UPDATE" />
35-->src/main/AndroidManifest.xml:28:13-79
35-->src/main/AndroidManifest.xml:28:21-77
36        </intent>
37        <intent>
37-->src/main/AndroidManifest.xml:30:9-32:18
38            <action android:name="com.uebrasil.panicbuttonapp.SENSOR_DATA" />
38-->src/main/AndroidManifest.xml:31:13-77
38-->src/main/AndroidManifest.xml:31:21-75
39        </intent>
40        <intent>
40-->src/main/AndroidManifest.xml:33:9-35:18
41            <action android:name="com.heimdall.device.COMMAND" />
41-->src/main/AndroidManifest.xml:34:13-65
41-->src/main/AndroidManifest.xml:34:21-63
42        </intent>
43        <intent>
43-->src/main/AndroidManifest.xml:36:9-38:18
44            <action android:name="com.heimdall.device.CONFIG" />
44-->src/main/AndroidManifest.xml:37:13-64
44-->src/main/AndroidManifest.xml:37:21-62
45        </intent>
46    </queries>
47
48    <uses-permission android:name="android.permission.FOREGROUND_SERVICE" />
48-->[androidx.work:work-runtime:2.8.1] AndroidManifest.xml:26:5-77
48-->[androidx.work:work-runtime:2.8.1] AndroidManifest.xml:26:22-74
49
50    <permission
50-->[androidx.core:core:1.12.0] AndroidManifest.xml:22:5-24:47
51        android:name="com.heimdall.device.DYNAMIC_RECEIVER_NOT_EXPORTED_PERMISSION"
51-->[androidx.core:core:1.12.0] AndroidManifest.xml:23:9-81
52        android:protectionLevel="signature" />
52-->[androidx.core:core:1.12.0] AndroidManifest.xml:24:9-44
53
54    <uses-permission android:name="com.heimdall.device.DYNAMIC_RECEIVER_NOT_EXPORTED_PERMISSION" />
54-->[androidx.core:core:1.12.0] AndroidManifest.xml:26:5-97
54-->[androidx.core:core:1.12.0] AndroidManifest.xml:26:22-94
55
56    <application
56-->src/main/AndroidManifest.xml:41:5-114:19
57        android:name="com.heimdall.device.HeimdallApplication"
57-->src/main/AndroidManifest.xml:42:9-44
58        android:allowBackup="true"
58-->src/main/AndroidManifest.xml:43:9-35
59        android:appComponentFactory="androidx.core.app.CoreComponentFactory"
59-->[androidx.core:core:1.12.0] AndroidManifest.xml:28:18-86
60        android:debuggable="true"
61        android:extractNativeLibs="false"
62        android:icon="@mipmap/ic_launcher"
62-->src/main/AndroidManifest.xml:44:9-43
63        android:label="Heimdall"
63-->src/main/AndroidManifest.xml:45:9-33
64        android:networkSecurityConfig="@xml/network_security_config"
64-->src/main/AndroidManifest.xml:50:9-69
65        android:roundIcon="@mipmap/ic_launcher_round"
65-->src/main/AndroidManifest.xml:46:9-54
66        android:supportsRtl="true"
66-->src/main/AndroidManifest.xml:47:9-35
67        android:theme="@style/Theme.Heimdall"
67-->src/main/AndroidManifest.xml:48:9-46
68        android:usesCleartextTraffic="true" >
68-->src/main/AndroidManifest.xml:49:9-44
69        <activity
69-->src/main/AndroidManifest.xml:53:9-64:20
70            android:name="com.heimdall.device.MainActivity"
70-->src/main/AndroidManifest.xml:54:13-41
71            android:excludeFromRecents="true"
71-->src/main/AndroidManifest.xml:57:13-46
72            android:exported="true"
72-->src/main/AndroidManifest.xml:55:13-36
73            android:finishOnTaskLaunch="true"
73-->src/main/AndroidManifest.xml:58:13-46
74            android:noHistory="true"
74-->src/main/AndroidManifest.xml:59:13-37
75            android:theme="@style/Theme.Heimdall.NoActionBar" >
75-->src/main/AndroidManifest.xml:56:13-62
76            <intent-filter>
76-->src/main/AndroidManifest.xml:60:13-63:29
77                <action android:name="android.intent.action.MAIN" />
77-->src/main/AndroidManifest.xml:61:17-69
77-->src/main/AndroidManifest.xml:61:25-66
78
79                <category android:name="android.intent.category.LAUNCHER" />
79-->src/main/AndroidManifest.xml:62:17-77
79-->src/main/AndroidManifest.xml:62:27-74
80            </intent-filter>
81        </activity>
82
83        <receiver
83-->src/main/AndroidManifest.xml:66:9-74:20
84            android:name="com.heimdall.device.receiver.BootReceiver"
84-->src/main/AndroidManifest.xml:67:13-50
85            android:enabled="true"
85-->src/main/AndroidManifest.xml:68:13-35
86            android:exported="true"
86-->src/main/AndroidManifest.xml:69:13-36
87            android:permission="android.permission.RECEIVE_BOOT_COMPLETED" >
87-->src/main/AndroidManifest.xml:70:13-75
88            <intent-filter>
88-->src/main/AndroidManifest.xml:71:13-73:29
89                <action android:name="android.intent.action.BOOT_COMPLETED" />
89-->src/main/AndroidManifest.xml:72:17-79
89-->src/main/AndroidManifest.xml:72:25-76
90            </intent-filter>
91        </receiver>
92        <receiver
92-->src/main/AndroidManifest.xml:76:9-86:20
93            android:name="com.heimdall.device.receiver.HeimdallDeviceAdminReceiver"
93-->src/main/AndroidManifest.xml:77:13-65
94            android:exported="true"
94-->src/main/AndroidManifest.xml:79:13-36
95            android:permission="android.permission.BIND_DEVICE_ADMIN" >
95-->src/main/AndroidManifest.xml:78:13-70
96            <meta-data
96-->src/main/AndroidManifest.xml:80:13-82:56
97                android:name="android.app.device_admin"
97-->src/main/AndroidManifest.xml:81:17-56
98                android:resource="@xml/device_admin" />
98-->src/main/AndroidManifest.xml:82:17-53
99
100            <intent-filter>
100-->src/main/AndroidManifest.xml:83:13-85:29
101                <action android:name="android.app.action.DEVICE_ADMIN_ENABLED" />
101-->src/main/AndroidManifest.xml:84:17-82
101-->src/main/AndroidManifest.xml:84:25-79
102            </intent-filter>
103        </receiver>
104
105        <!-- Receiver para eventos do PanicButton -->
106        <receiver
106-->src/main/AndroidManifest.xml:89:9-98:20
107            android:name="com.heimdall.device.panicbutton.PanicButtonEventReceiver"
107-->src/main/AndroidManifest.xml:90:13-65
108            android:enabled="true"
108-->src/main/AndroidManifest.xml:91:13-35
109            android:exported="true" >
109-->src/main/AndroidManifest.xml:92:13-36
110            <intent-filter>
110-->src/main/AndroidManifest.xml:93:13-97:29
111                <action android:name="com.uebrasil.panicbuttonapp.PANIC_TRIGGERED" />
111-->src/main/AndroidManifest.xml:25:13-81
111-->src/main/AndroidManifest.xml:25:21-79
112                <action android:name="com.uebrasil.panicbuttonapp.STATUS_UPDATE" />
112-->src/main/AndroidManifest.xml:28:13-79
112-->src/main/AndroidManifest.xml:28:21-77
113                <action android:name="com.uebrasil.panicbuttonapp.SENSOR_DATA" />
113-->src/main/AndroidManifest.xml:31:13-77
113-->src/main/AndroidManifest.xml:31:21-75
114            </intent-filter>
115        </receiver>
116
117        <!-- Receiver para resultado de instalação -->
118        <receiver
118-->src/main/AndroidManifest.xml:101:9-105:20
119            android:name="com.heimdall.device.update.InstallResultReceiver"
119-->src/main/AndroidManifest.xml:102:13-57
120            android:enabled="true"
120-->src/main/AndroidManifest.xml:103:13-35
121            android:exported="false" >
121-->src/main/AndroidManifest.xml:104:13-37
122        </receiver>
123
124        <!-- Receiver para resultado de desinstalação -->
125        <receiver
125-->src/main/AndroidManifest.xml:108:9-112:20
126            android:name="com.heimdall.device.update.UninstallResultReceiver"
126-->src/main/AndroidManifest.xml:109:13-59
127            android:enabled="true"
127-->src/main/AndroidManifest.xml:110:13-35
128            android:exported="false" >
128-->src/main/AndroidManifest.xml:111:13-37
129        </receiver>
130
131        <provider
131-->[androidx.emoji2:emoji2:1.2.0] AndroidManifest.xml:24:9-32:20
132            android:name="androidx.startup.InitializationProvider"
132-->[androidx.emoji2:emoji2:1.2.0] AndroidManifest.xml:25:13-67
133            android:authorities="com.heimdall.device.androidx-startup"
133-->[androidx.emoji2:emoji2:1.2.0] AndroidManifest.xml:26:13-68
134            android:exported="false" >
134-->[androidx.emoji2:emoji2:1.2.0] AndroidManifest.xml:27:13-37
135            <meta-data
135-->[androidx.emoji2:emoji2:1.2.0] AndroidManifest.xml:29:13-31:52
136                android:name="androidx.emoji2.text.EmojiCompatInitializer"
136-->[androidx.emoji2:emoji2:1.2.0] AndroidManifest.xml:30:17-75
137                android:value="androidx.startup" />
137-->[androidx.emoji2:emoji2:1.2.0] AndroidManifest.xml:31:17-49
138            <meta-data
138-->[androidx.work:work-runtime:2.8.1] AndroidManifest.xml:34:13-36:52
139                android:name="androidx.work.WorkManagerInitializer"
139-->[androidx.work:work-runtime:2.8.1] AndroidManifest.xml:35:17-68
140                android:value="androidx.startup" />
140-->[androidx.work:work-runtime:2.8.1] AndroidManifest.xml:36:17-49
141            <meta-data
141-->[androidx.lifecycle:lifecycle-process:2.7.0] AndroidManifest.xml:29:13-31:52
142                android:name="androidx.lifecycle.ProcessLifecycleInitializer"
142-->[androidx.lifecycle:lifecycle-process:2.7.0] AndroidManifest.xml:30:17-78
143                android:value="androidx.startup" />
143-->[androidx.lifecycle:lifecycle-process:2.7.0] AndroidManifest.xml:31:17-49
144            <meta-data
144-->[androidx.profileinstaller:profileinstaller:1.3.0] AndroidManifest.xml:29:13-31:52
145                android:name="androidx.profileinstaller.ProfileInstallerInitializer"
145-->[androidx.profileinstaller:profileinstaller:1.3.0] AndroidManifest.xml:30:17-85
146                android:value="androidx.startup" />
146-->[androidx.profileinstaller:profileinstaller:1.3.0] AndroidManifest.xml:31:17-49
147        </provider>
148
149        <service
149-->[androidx.work:work-runtime:2.8.1] AndroidManifest.xml:39:9-45:35
150            android:name="androidx.work.impl.background.systemalarm.SystemAlarmService"
150-->[androidx.work:work-runtime:2.8.1] AndroidManifest.xml:40:13-88
151            android:directBootAware="false"
151-->[androidx.work:work-runtime:2.8.1] AndroidManifest.xml:41:13-44
152            android:enabled="@bool/enable_system_alarm_service_default"
152-->[androidx.work:work-runtime:2.8.1] AndroidManifest.xml:42:13-72
153            android:exported="false" />
153-->[androidx.work:work-runtime:2.8.1] AndroidManifest.xml:43:13-37
154        <service
154-->[androidx.work:work-runtime:2.8.1] AndroidManifest.xml:46:9-52:35
155            android:name="androidx.work.impl.background.systemjob.SystemJobService"
155-->[androidx.work:work-runtime:2.8.1] AndroidManifest.xml:47:13-84
156            android:directBootAware="false"
156-->[androidx.work:work-runtime:2.8.1] AndroidManifest.xml:48:13-44
157            android:enabled="@bool/enable_system_job_service_default"
157-->[androidx.work:work-runtime:2.8.1] AndroidManifest.xml:49:13-70
158            android:exported="true"
158-->[androidx.work:work-runtime:2.8.1] AndroidManifest.xml:50:13-36
159            android:permission="android.permission.BIND_JOB_SERVICE" />
159-->[androidx.work:work-runtime:2.8.1] AndroidManifest.xml:51:13-69
160        <service
160-->[androidx.work:work-runtime:2.8.1] AndroidManifest.xml:53:9-59:35
161            android:name="androidx.work.impl.foreground.SystemForegroundService"
161-->[androidx.work:work-runtime:2.8.1] AndroidManifest.xml:54:13-81
162            android:directBootAware="false"
162-->[androidx.work:work-runtime:2.8.1] AndroidManifest.xml:55:13-44
163            android:enabled="@bool/enable_system_foreground_service_default"
163-->[androidx.work:work-runtime:2.8.1] AndroidManifest.xml:56:13-77
164            android:exported="false" />
164-->[androidx.work:work-runtime:2.8.1] AndroidManifest.xml:57:13-37
165
166        <receiver
166-->[androidx.work:work-runtime:2.8.1] AndroidManifest.xml:61:9-66:35
167            android:name="androidx.work.impl.utils.ForceStopRunnable$BroadcastReceiver"
167-->[androidx.work:work-runtime:2.8.1] AndroidManifest.xml:62:13-88
168            android:directBootAware="false"
168-->[androidx.work:work-runtime:2.8.1] AndroidManifest.xml:63:13-44
169            android:enabled="true"
169-->[androidx.work:work-runtime:2.8.1] AndroidManifest.xml:64:13-35
170            android:exported="false" />
170-->[androidx.work:work-runtime:2.8.1] AndroidManifest.xml:65:13-37
171        <receiver
171-->[androidx.work:work-runtime:2.8.1] AndroidManifest.xml:67:9-77:20
172            android:name="androidx.work.impl.background.systemalarm.ConstraintProxy$BatteryChargingProxy"
172-->[androidx.work:work-runtime:2.8.1] AndroidManifest.xml:68:13-106
173            android:directBootAware="false"
173-->[androidx.work:work-runtime:2.8.1] AndroidManifest.xml:69:13-44
174            android:enabled="false"
174-->[androidx.work:work-runtime:2.8.1] AndroidManifest.xml:70:13-36
175            android:exported="false" >
175-->[androidx.work:work-runtime:2.8.1] AndroidManifest.xml:71:13-37
176            <intent-filter>
176-->[androidx.work:work-runtime:2.8.1] AndroidManifest.xml:73:13-76:29
177                <action android:name="android.intent.action.ACTION_POWER_CONNECTED" />
177-->[androidx.work:work-runtime:2.8.1] AndroidManifest.xml:74:17-87
177-->[androidx.work:work-runtime:2.8.1] AndroidManifest.xml:74:25-84
178                <action android:name="android.intent.action.ACTION_POWER_DISCONNECTED" />
178-->[androidx.work:work-runtime:2.8.1] AndroidManifest.xml:75:17-90
178-->[androidx.work:work-runtime:2.8.1] AndroidManifest.xml:75:25-87
179            </intent-filter>
180        </receiver>
181        <receiver
181-->[androidx.work:work-runtime:2.8.1] AndroidManifest.xml:78:9-88:20
182            android:name="androidx.work.impl.background.systemalarm.ConstraintProxy$BatteryNotLowProxy"
182-->[androidx.work:work-runtime:2.8.1] AndroidManifest.xml:79:13-104
183            android:directBootAware="false"
183-->[androidx.work:work-runtime:2.8.1] AndroidManifest.xml:80:13-44
184            android:enabled="false"
184-->[androidx.work:work-runtime:2.8.1] AndroidManifest.xml:81:13-36
185            android:exported="false" >
185-->[androidx.work:work-runtime:2.8.1] AndroidManifest.xml:82:13-37
186            <intent-filter>
186-->[androidx.work:work-runtime:2.8.1] AndroidManifest.xml:84:13-87:29
187                <action android:name="android.intent.action.BATTERY_OKAY" />
187-->[androidx.work:work-runtime:2.8.1] AndroidManifest.xml:85:17-77
187-->[androidx.work:work-runtime:2.8.1] AndroidManifest.xml:85:25-74
188                <action android:name="android.intent.action.BATTERY_LOW" />
188-->[androidx.work:work-runtime:2.8.1] AndroidManifest.xml:86:17-76
188-->[androidx.work:work-runtime:2.8.1] AndroidManifest.xml:86:25-73
189            </intent-filter>
190        </receiver>
191        <receiver
191-->[androidx.work:work-runtime:2.8.1] AndroidManifest.xml:89:9-99:20
192            android:name="androidx.work.impl.background.systemalarm.ConstraintProxy$StorageNotLowProxy"
192-->[androidx.work:work-runtime:2.8.1] AndroidManifest.xml:90:13-104
193            android:directBootAware="false"
193-->[androidx.work:work-runtime:2.8.1] AndroidManifest.xml:91:13-44
194            android:enabled="false"
194-->[androidx.work:work-runtime:2.8.1] AndroidManifest.xml:92:13-36
195            android:exported="false" >
195-->[androidx.work:work-runtime:2.8.1] AndroidManifest.xml:93:13-37
196            <intent-filter>
196-->[androidx.work:work-runtime:2.8.1] AndroidManifest.xml:95:13-98:29
197                <action android:name="android.intent.action.DEVICE_STORAGE_LOW" />
197-->[androidx.work:work-runtime:2.8.1] AndroidManifest.xml:96:17-83
197-->[androidx.work:work-runtime:2.8.1] AndroidManifest.xml:96:25-80
198                <action android:name="android.intent.action.DEVICE_STORAGE_OK" />
198-->[androidx.work:work-runtime:2.8.1] AndroidManifest.xml:97:17-82
198-->[androidx.work:work-runtime:2.8.1] AndroidManifest.xml:97:25-79
199            </intent-filter>
200        </receiver>
201        <receiver
201-->[androidx.work:work-runtime:2.8.1] AndroidManifest.xml:100:9-109:20
202            android:name="androidx.work.impl.background.systemalarm.ConstraintProxy$NetworkStateProxy"
202-->[androidx.work:work-runtime:2.8.1] AndroidManifest.xml:101:13-103
203            android:directBootAware="false"
203-->[androidx.work:work-runtime:2.8.1] AndroidManifest.xml:102:13-44
204            android:enabled="false"
204-->[androidx.work:work-runtime:2.8.1] AndroidManifest.xml:103:13-36
205            android:exported="false" >
205-->[androidx.work:work-runtime:2.8.1] AndroidManifest.xml:104:13-37
206            <intent-filter>
206-->[androidx.work:work-runtime:2.8.1] AndroidManifest.xml:106:13-108:29
207                <action android:name="android.net.conn.CONNECTIVITY_CHANGE" />
207-->[androidx.work:work-runtime:2.8.1] AndroidManifest.xml:107:17-79
207-->[androidx.work:work-runtime:2.8.1] AndroidManifest.xml:107:25-76
208            </intent-filter>
209        </receiver>
210        <receiver
210-->[androidx.work:work-runtime:2.8.1] AndroidManifest.xml:110:9-121:20
211            android:name="androidx.work.impl.background.systemalarm.RescheduleReceiver"
211-->[androidx.work:work-runtime:2.8.1] AndroidManifest.xml:111:13-88
212            android:directBootAware="false"
212-->[androidx.work:work-runtime:2.8.1] AndroidManifest.xml:112:13-44
213            android:enabled="false"
213-->[androidx.work:work-runtime:2.8.1] AndroidManifest.xml:113:13-36
214            android:exported="false" >
214-->[androidx.work:work-runtime:2.8.1] AndroidManifest.xml:114:13-37
215            <intent-filter>
215-->[androidx.work:work-runtime:2.8.1] AndroidManifest.xml:116:13-120:29
216                <action android:name="android.intent.action.BOOT_COMPLETED" />
216-->src/main/AndroidManifest.xml:72:17-79
216-->src/main/AndroidManifest.xml:72:25-76
217                <action android:name="android.intent.action.TIME_SET" />
217-->[androidx.work:work-runtime:2.8.1] AndroidManifest.xml:118:17-73
217-->[androidx.work:work-runtime:2.8.1] AndroidManifest.xml:118:25-70
218                <action android:name="android.intent.action.TIMEZONE_CHANGED" />
218-->[androidx.work:work-runtime:2.8.1] AndroidManifest.xml:119:17-81
218-->[androidx.work:work-runtime:2.8.1] AndroidManifest.xml:119:25-78
219            </intent-filter>
220        </receiver>
221        <receiver
221-->[androidx.work:work-runtime:2.8.1] AndroidManifest.xml:122:9-131:20
222            android:name="androidx.work.impl.background.systemalarm.ConstraintProxyUpdateReceiver"
222-->[androidx.work:work-runtime:2.8.1] AndroidManifest.xml:123:13-99
223            android:directBootAware="false"
223-->[androidx.work:work-runtime:2.8.1] AndroidManifest.xml:124:13-44
224            android:enabled="@bool/enable_system_alarm_service_default"
224-->[androidx.work:work-runtime:2.8.1] AndroidManifest.xml:125:13-72
225            android:exported="false" >
225-->[androidx.work:work-runtime:2.8.1] AndroidManifest.xml:126:13-37
226            <intent-filter>
226-->[androidx.work:work-runtime:2.8.1] AndroidManifest.xml:128:13-130:29
227                <action android:name="androidx.work.impl.background.systemalarm.UpdateProxies" />
227-->[androidx.work:work-runtime:2.8.1] AndroidManifest.xml:129:17-98
227-->[androidx.work:work-runtime:2.8.1] AndroidManifest.xml:129:25-95
228            </intent-filter>
229        </receiver>
230        <receiver
230-->[androidx.work:work-runtime:2.8.1] AndroidManifest.xml:132:9-142:20
231            android:name="androidx.work.impl.diagnostics.DiagnosticsReceiver"
231-->[androidx.work:work-runtime:2.8.1] AndroidManifest.xml:133:13-78
232            android:directBootAware="false"
232-->[androidx.work:work-runtime:2.8.1] AndroidManifest.xml:134:13-44
233            android:enabled="true"
233-->[androidx.work:work-runtime:2.8.1] AndroidManifest.xml:135:13-35
234            android:exported="true"
234-->[androidx.work:work-runtime:2.8.1] AndroidManifest.xml:136:13-36
235            android:permission="android.permission.DUMP" >
235-->[androidx.work:work-runtime:2.8.1] AndroidManifest.xml:137:13-57
236            <intent-filter>
236-->[androidx.work:work-runtime:2.8.1] AndroidManifest.xml:139:13-141:29
237                <action android:name="androidx.work.diagnostics.REQUEST_DIAGNOSTICS" />
237-->[androidx.work:work-runtime:2.8.1] AndroidManifest.xml:140:17-88
237-->[androidx.work:work-runtime:2.8.1] AndroidManifest.xml:140:25-85
238            </intent-filter>
239        </receiver>
240
241        <service
241-->[androidx.room:room-runtime:2.5.0] AndroidManifest.xml:24:9-28:63
242            android:name="androidx.room.MultiInstanceInvalidationService"
242-->[androidx.room:room-runtime:2.5.0] AndroidManifest.xml:25:13-74
243            android:directBootAware="true"
243-->[androidx.room:room-runtime:2.5.0] AndroidManifest.xml:26:13-43
244            android:exported="false" />
244-->[androidx.room:room-runtime:2.5.0] AndroidManifest.xml:27:13-37
245
246        <receiver
246-->[androidx.profileinstaller:profileinstaller:1.3.0] AndroidManifest.xml:34:9-52:20
247            android:name="androidx.profileinstaller.ProfileInstallReceiver"
247-->[androidx.profileinstaller:profileinstaller:1.3.0] AndroidManifest.xml:35:13-76
248            android:directBootAware="false"
248-->[androidx.profileinstaller:profileinstaller:1.3.0] AndroidManifest.xml:36:13-44
249            android:enabled="true"
249-->[androidx.profileinstaller:profileinstaller:1.3.0] AndroidManifest.xml:37:13-35
250            android:exported="true"
250-->[androidx.profileinstaller:profileinstaller:1.3.0] AndroidManifest.xml:38:13-36
251            android:permission="android.permission.DUMP" >
251-->[androidx.profileinstaller:profileinstaller:1.3.0] AndroidManifest.xml:39:13-57
252            <intent-filter>
252-->[androidx.profileinstaller:profileinstaller:1.3.0] AndroidManifest.xml:40:13-42:29
253                <action android:name="androidx.profileinstaller.action.INSTALL_PROFILE" />
253-->[androidx.profileinstaller:profileinstaller:1.3.0] AndroidManifest.xml:41:17-91
253-->[androidx.profileinstaller:profileinstaller:1.3.0] AndroidManifest.xml:41:25-88
254            </intent-filter>
255            <intent-filter>
255-->[androidx.profileinstaller:profileinstaller:1.3.0] AndroidManifest.xml:43:13-45:29
256                <action android:name="androidx.profileinstaller.action.SKIP_FILE" />
256-->[androidx.profileinstaller:profileinstaller:1.3.0] AndroidManifest.xml:44:17-85
256-->[androidx.profileinstaller:profileinstaller:1.3.0] AndroidManifest.xml:44:25-82
257            </intent-filter>
258            <intent-filter>
258-->[androidx.profileinstaller:profileinstaller:1.3.0] AndroidManifest.xml:46:13-48:29
259                <action android:name="androidx.profileinstaller.action.SAVE_PROFILE" />
259-->[androidx.profileinstaller:profileinstaller:1.3.0] AndroidManifest.xml:47:17-88
259-->[androidx.profileinstaller:profileinstaller:1.3.0] AndroidManifest.xml:47:25-85
260            </intent-filter>
261            <intent-filter>
261-->[androidx.profileinstaller:profileinstaller:1.3.0] AndroidManifest.xml:49:13-51:29
262                <action android:name="androidx.profileinstaller.action.BENCHMARK_OPERATION" />
262-->[androidx.profileinstaller:profileinstaller:1.3.0] AndroidManifest.xml:50:17-95
262-->[androidx.profileinstaller:profileinstaller:1.3.0] AndroidManifest.xml:50:25-92
263            </intent-filter>
264        </receiver>
265    </application>
266
267</manifest>